# JRE version: Java(TM) SE Runtime Environment (19.0.1+10) (build 19.0.1+10-21)
# Java VM: Java HotSpot(TM) 64-Bit Server VM (19.0.1+10-21, mixed mode, sharing, tiered, compressed oops, compressed class ptrs, g1 gc, windows-amd64)
GC Precious Log:
 CardTable entry size: 512
 Card Set container configuration: InlinePtr #cards 5 size 8 Array Of Cards #cards 12 size 40 Howl #buckets 4 coarsen threshold 1843 Howl Bitmap #cards 512 size 80 coarsen threshold 460 Card regions per heap region 1 cards per card region 2048
 CPUs: 4 total, 4 available
 Memory: 6017M
 Large Page Support: Disabled
 NUMA Support: Disabled
 Compressed Oops: Enabled (32-bit)
 Heap Region Size: 1M
 Heap Min Capacity: 8M
 Heap Initial Capacity: 96M
 Heap Max Capacity: 1506M
 Pre-touch: Disabled
 Parallel Workers: 4
 Concurrent Workers: 1
 Concurrent Refinement Workers: 4
 Periodic GC: Disabled
Heap:
 garbage-first heap   total 217088K, used 123392K [0x00000000a1e00000, 0x0000000100000000)
  region size 1024K, 8 young (8192K), 8 survivors (8192K)
 Metaspace       used 12525K, committed 12736K, reserved 1114112K
  class space    used 1431K, committed 1536K, reserved 1048576K
GC Heap History (20 events):
Event: 6.418 GC heap after
{Heap after GC invocations=1 (full 0):
 garbage-first heap   total 98304K, used 6652K [0x00000000a1e00000, 0x0000000100000000)
  region size 1024K, 2 young (2048K), 2 survivors (2048K)
 Metaspace       used 10921K, committed 11136K, reserved 1114112K
  class space    used 1250K, committed 1344K, reserved 1048576K
}
Event: 10.815 GC heap before
{Heap before GC invocations=1 (full 0):
 garbage-first heap   total 98304K, used 20988K [0x00000000a1e00000, 0x0000000100000000)
  region size 1024K, 16 young (16384K), 2 survivors (2048K)
 Metaspace       used 12508K, committed 12736K, reserved 1114112K
  class space    used 1431K, committed 1536K, reserved 1048576K
}
Event: 10.827 GC heap after
{Heap after GC invocations=2 (full 0):
 garbage-first heap   total 98304K, used 9856K [0x00000000a1e00000, 0x0000000100000000)
  region size 1024K, 2 young (2048K), 2 survivors (2048K)
 Metaspace       used 12508K, committed 12736K, reserved 1114112K
  class space    used 1431K, committed 1536K, reserved 1048576K
}
Event: 11.011 GC heap before
{Heap before GC invocations=2 (full 0):
 garbage-first heap   total 98304K, used 55936K [0x00000000a1e00000, 0x0000000100000000)
  region size 1024K, 47 young (48128K), 2 survivors (2048K)
 Metaspace       used 12516K, committed 12736K, reserved 1114112K
  class space    used 1431K, committed 1536K, reserved 1048576K
}
Event: 11.027 GC heap after
{Heap after GC invocations=3 (full 0):
 garbage-first heap   total 98304K, used 20881K [0x00000000a1e00000, 0x0000000100000000)
  region size 1024K, 6 young (6144K), 6 survivors (6144K)
 Metaspace       used 12516K, committed 12736K, reserved 1114112K
  class space    used 1431K, committed 1536K, reserved 1048576K
}
Event: 11.114 GC heap before
{Heap before GC invocations=3 (full 0):
 garbage-first heap   total 98304K, used 53649K [0x00000000a1e00000, 0x0000000100000000)
  region size 1024K, 38 young (38912K), 6 survivors (6144K)
 Metaspace       used 12521K, committed 12736K, reserved 1114112K
  class space    used 1431K, committed 1536K, reserved 1048576K
}
Event: 11.132 GC heap after
{Heap after GC invocations=4 (full 0):
 garbage-first heap   total 98304K, used 29540K [0x00000000a1e00000, 0x0000000100000000)
  region size 1024K, 5 young (5120K), 5 survivors (5120K)
 Metaspace       used 12521K, committed 12736K, reserved 1114112K
  class space    used 1431K, committed 1536K, reserved 1048576K
}
Event: 11.195 GC heap before
{Heap before GC invocations=4 (full 0):
 garbage-first heap   total 98304K, used 60260K [0x00000000a1e00000, 0x0000000100000000)
  region size 1024K, 35 young (35840K), 5 survivors (5120K)
 Metaspace       used 12525K, committed 12736K, reserved 1114112K
  class space    used 1431K, committed 1536K, reserved 1048576K
}
Event: 11.210 GC heap after
{Heap after GC invocations=5 (full 0):
 garbage-first heap   total 98304K, used 37888K [0x00000000a1e00000, 0x0000000100000000)
  region size 1024K, 5 young (5120K), 5 survivors (5120K)
 Metaspace       used 12525K, committed 12736K, reserved 1114112K
  class space    used 1431K, committed 1536K, reserved 1048576K
}
Event: 11.268 GC heap before
{Heap before GC invocations=5 (full 0):
 garbage-first heap   total 98304K, used 66560K [0x00000000a1e00000, 0x0000000100000000)
  region size 1024K, 33 young (33792K), 5 survivors (5120K)
 Metaspace       used 12525K, committed 12736K, reserved 1114112K
  class space    used 1431K, committed 1536K, reserved 1048576K
}
Event: 11.281 GC heap after
{Heap after GC invocations=6 (full 0):
 garbage-first heap   total 98304K, used 46080K [0x00000000a1e00000, 0x0000000100000000)
  region size 1024K, 5 young (5120K), 5 survivors (5120K)
 Metaspace       used 12525K, committed 12736K, reserved 1114112K
  class space    used 1431K, committed 1536K, reserved 1048576K
}
Event: 11.332 GC heap before
{Heap before GC invocations=6 (full 0):
 garbage-first heap   total 98304K, used 70656K [0x00000000a1e00000, 0x0000000100000000)
  region size 1024K, 29 young (29696K), 5 survivors (5120K)
 Metaspace       used 12525K, committed 12736K, reserved 1114112K
  class space    used 1431K, committed 1536K, reserved 1048576K
}
Event: 11.343 GC heap after
{Heap after GC invocations=7 (full 0):
 garbage-first heap   total 217088K, used 52598K [0x00000000a1e00000, 0x0000000100000000)
  region size 1024K, 4 young (4096K), 4 survivors (4096K)
 Metaspace       used 12525K, committed 12736K, reserved 1114112K
  class space    used 1431K, committed 1536K, reserved 1048576K
}
Event: 11.615 GC heap before
{Heap before GC invocations=7 (full 0):
 garbage-first heap   total 217088K, used 144758K [0x00000000a1e00000, 0x0000000100000000)
  region size 1024K, 93 young (95232K), 4 survivors (4096K)
 Metaspace       used 12525K, committed 12736K, reserved 1114112K
  class space    used 1431K, committed 1536K, reserved 1048576K
}
Event: 11.643 GC heap after
{Heap after GC invocations=8 (full 0):
 garbage-first heap   total 217088K, used 76755K [0x00000000a1e00000, 0x0000000100000000)
  region size 1024K, 12 young (12288K), 12 survivors (12288K)
 Metaspace       used 12525K, committed 12736K, reserved 1114112K
  class space    used 1431K, committed 1536K, reserved 1048576K
}
Event: 11.782 GC heap before
{Heap before GC invocations=8 (full 0):
 garbage-first heap   total 217088K, used 143315K [0x00000000a1e00000, 0x0000000100000000)
  region size 1024K, 77 young (78848K), 12 survivors (12288K)
 Metaspace       used 12525K, committed 12736K, reserved 1114112K
  class space    used 1431K, committed 1536K, reserved 1048576K
}
Event: 11.809 GC heap after
{Heap after GC invocations=9 (full 0):
 garbage-first heap   total 217088K, used 94208K [0x00000000a1e00000, 0x0000000100000000)
  region size 1024K, 10 young (10240K), 10 survivors (10240K)
 Metaspace       used 12525K, committed 12736K, reserved 1114112K
  class space    used 1431K, committed 1536K, reserved 1048576K
}
Event: 11.923 GC heap before
{Heap before GC invocations=9 (full 0):
 garbage-first heap   total 217088K, used 153600K [0x00000000a1e00000, 0x0000000100000000)
  region size 1024K, 68 young (69632K), 10 survivors (10240K)
 Metaspace       used 12525K, committed 12736K, reserved 1114112K
  class space    used 1431K, committed 1536K, reserved 1048576K
}
Event: 11.945 GC heap after
{Heap after GC invocations=10 (full 0):
 garbage-first heap   total 217088K, used 109568K [0x00000000a1e00000, 0x0000000100000000)
  region size 1024K, 9 young (9216K), 9 survivors (9216K)
 Metaspace       used 12525K, committed 12736K, reserved 1114112K
  class space    used 1431K, committed 1536K, reserved 1048576K
}
Event: 12.040 GC heap before
{Heap before GC invocations=10 (full 0):
 garbage-first heap   total 217088K, used 161792K [0x00000000a1e00000, 0x0000000100000000)
  region size 1024K, 60 young (61440K), 9 survivors (9216K)
 Metaspace       used 12525K, committed 12736K, reserved 1114112K
  class space    used 1431K, committed 1536K, reserved 1048576K
}

