# JRE version: Java(TM) SE Runtime Environment (19.0.1+10) (build 19.0.1+10-21)
# Java VM: Java HotSpot(TM) 64-Bit Server VM (19.0.1+10-21, mixed mode, sharing, tiered, compressed oops, compressed class ptrs, g1 gc, windows-amd64)
GC Precious Log:
 CardTable entry size: 512
 Card Set container configuration: InlinePtr #cards 5 size 8 Array Of Cards #cards 12 size 40 Howl #buckets 4 coarsen threshold 1843 Howl Bitmap #cards 512 size 80 coarsen threshold 460 Card regions per heap region 1 cards per card region 2048
 CPUs: 4 total, 4 available
 Memory: 6017M
 Large Page Support: Disabled
 NUMA Support: Disabled
 Compressed Oops: Enabled (32-bit)
 Heap Region Size: 1M
 Heap Min Capacity: 8M
 Heap Initial Capacity: 96M
 Heap Max Capacity: 1506M
 Pre-touch: Disabled
 Parallel Workers: 4
 Concurrent Workers: 1
 Concurrent Refinement Workers: 4
 Periodic GC: Disabled
Heap:
 garbage-first heap   total 211968K, used 114688K [0x00000000a1e00000, 0x0000000100000000)
  region size 1024K, 8 young (8192K), 8 survivors (8192K)
 Metaspace       used 12567K, committed 12800K, reserved 1114112K
  class space    used 1432K, committed 1536K, reserved 1048576K
GC Heap History (20 events):
Event: 4.447 GC heap after
{Heap after GC invocations=1 (full 0):
 garbage-first heap   total 98304K, used 10592K [0x00000000a1e00000, 0x0000000100000000)
  region size 1024K, 2 young (2048K), 2 survivors (2048K)
 Metaspace       used 11049K, committed 11264K, reserved 1114112K
  class space    used 1257K, committed 1344K, reserved 1048576K
}
Event: 10.097 GC heap before
{Heap before GC invocations=1 (full 0):
 garbage-first heap   total 98304K, used 24928K [0x00000000a1e00000, 0x0000000100000000)
  region size 1024K, 16 young (16384K), 2 survivors (2048K)
 Metaspace       used 12557K, committed 12800K, reserved 1114112K
  class space    used 1431K, committed 1536K, reserved 1048576K
}
Event: 10.106 GC heap after
{Heap after GC invocations=2 (full 0):
 garbage-first heap   total 98304K, used 10240K [0x00000000a1e00000, 0x0000000100000000)
  region size 1024K, 2 young (2048K), 2 survivors (2048K)
 Metaspace       used 12557K, committed 12800K, reserved 1114112K
  class space    used 1431K, committed 1536K, reserved 1048576K
}
Event: 10.292 GC heap before
{Heap before GC invocations=2 (full 0):
 garbage-first heap   total 98304K, used 59392K [0x00000000a1e00000, 0x0000000100000000)
  region size 1024K, 50 young (51200K), 2 survivors (2048K)
 Metaspace       used 12564K, committed 12800K, reserved 1114112K
  class space    used 1432K, committed 1536K, reserved 1048576K
}
Event: 10.304 GC heap after
{Heap after GC invocations=3 (full 0):
 garbage-first heap   total 98304K, used 20824K [0x00000000a1e00000, 0x0000000100000000)
  region size 1024K, 7 young (7168K), 7 survivors (7168K)
 Metaspace       used 12564K, committed 12800K, reserved 1114112K
  class space    used 1432K, committed 1536K, reserved 1048576K
}
Event: 10.403 GC heap before
{Heap before GC invocations=3 (full 0):
 garbage-first heap   total 98304K, used 55640K [0x00000000a1e00000, 0x0000000100000000)
  region size 1024K, 41 young (41984K), 7 survivors (7168K)
 Metaspace       used 12564K, committed 12800K, reserved 1114112K
  class space    used 1432K, committed 1536K, reserved 1048576K
}
Event: 10.418 GC heap after
{Heap after GC invocations=4 (full 0):
 garbage-first heap   total 98304K, used 28897K [0x00000000a1e00000, 0x0000000100000000)
  region size 1024K, 6 young (6144K), 6 survivors (6144K)
 Metaspace       used 12564K, committed 12800K, reserved 1114112K
  class space    used 1432K, committed 1536K, reserved 1048576K
}
Event: 10.503 GC heap before
{Heap before GC invocations=4 (full 0):
 garbage-first heap   total 98304K, used 61665K [0x00000000a1e00000, 0x0000000100000000)
  region size 1024K, 38 young (38912K), 6 survivors (6144K)
 Metaspace       used 12564K, committed 12800K, reserved 1114112K
  class space    used 1432K, committed 1536K, reserved 1048576K
}
Event: 10.528 GC heap after
{Heap after GC invocations=5 (full 0):
 garbage-first heap   total 98304K, used 36864K [0x00000000a1e00000, 0x0000000100000000)
  region size 1024K, 5 young (5120K), 5 survivors (5120K)
 Metaspace       used 12564K, committed 12800K, reserved 1114112K
  class space    used 1432K, committed 1536K, reserved 1048576K
}
Event: 10.604 GC heap before
{Heap before GC invocations=5 (full 0):
 garbage-first heap   total 98304K, used 66560K [0x00000000a1e00000, 0x0000000100000000)
  region size 1024K, 34 young (34816K), 5 survivors (5120K)
 Metaspace       used 12565K, committed 12800K, reserved 1114112K
  class space    used 1432K, committed 1536K, reserved 1048576K
}
Event: 10.621 GC heap after
{Heap after GC invocations=6 (full 0):
 garbage-first heap   total 98304K, used 43827K [0x00000000a1e00000, 0x0000000100000000)
  region size 1024K, 5 young (5120K), 5 survivors (5120K)
 Metaspace       used 12565K, committed 12800K, reserved 1114112K
  class space    used 1432K, committed 1536K, reserved 1048576K
}
Event: 10.682 GC heap before
{Heap before GC invocations=6 (full 0):
 garbage-first heap   total 98304K, used 70451K [0x00000000a1e00000, 0x0000000100000000)
  region size 1024K, 31 young (31744K), 5 survivors (5120K)
 Metaspace       used 12567K, committed 12800K, reserved 1114112K
  class space    used 1432K, committed 1536K, reserved 1048576K
}
Event: 10.704 GC heap after
{Heap after GC invocations=7 (full 0):
 garbage-first heap   total 211968K, used 50153K [0x00000000a1e00000, 0x0000000100000000)
  region size 1024K, 4 young (4096K), 4 survivors (4096K)
 Metaspace       used 12567K, committed 12800K, reserved 1114112K
  class space    used 1432K, committed 1536K, reserved 1048576K
}
Event: 10.982 GC heap before
{Heap before GC invocations=7 (full 0):
 garbage-first heap   total 211968K, used 145385K [0x00000000a1e00000, 0x0000000100000000)
  region size 1024K, 96 young (98304K), 4 survivors (4096K)
 Metaspace       used 12567K, committed 12800K, reserved 1114112K
  class space    used 1432K, committed 1536K, reserved 1048576K
}
Event: 11.016 GC heap after
{Heap after GC invocations=8 (full 0):
 garbage-first heap   total 211968K, used 72362K [0x00000000a1e00000, 0x0000000100000000)
  region size 1024K, 12 young (12288K), 12 survivors (12288K)
 Metaspace       used 12567K, committed 12800K, reserved 1114112K
  class space    used 1432K, committed 1536K, reserved 1048576K
}
Event: 11.150 GC heap before
{Heap before GC invocations=8 (full 0):
 garbage-first heap   total 211968K, used 143018K [0x00000000a1e00000, 0x0000000100000000)
  region size 1024K, 81 young (82944K), 12 survivors (12288K)
 Metaspace       used 12567K, committed 12800K, reserved 1114112K
  class space    used 1432K, committed 1536K, reserved 1048576K
}
Event: 11.180 GC heap after
{Heap after GC invocations=9 (full 0):
 garbage-first heap   total 211968K, used 89088K [0x00000000a1e00000, 0x0000000100000000)
  region size 1024K, 11 young (11264K), 11 survivors (11264K)
 Metaspace       used 12567K, committed 12800K, reserved 1114112K
  class space    used 1432K, committed 1536K, reserved 1048576K
}
Event: 11.306 GC heap before
{Heap before GC invocations=9 (full 0):
 garbage-first heap   total 211968K, used 152576K [0x00000000a1e00000, 0x0000000100000000)
  region size 1024K, 73 young (74752K), 11 survivors (11264K)
 Metaspace       used 12567K, committed 12800K, reserved 1114112K
  class space    used 1432K, committed 1536K, reserved 1048576K
}
Event: 11.334 GC heap after
{Heap after GC invocations=10 (full 0):
 garbage-first heap   total 211968K, used 104448K [0x00000000a1e00000, 0x0000000100000000)
  region size 1024K, 10 young (10240K), 10 survivors (10240K)
 Metaspace       used 12567K, committed 12800K, reserved 1114112K
  class space    used 1432K, committed 1536K, reserved 1048576K
}
Event: 11.400 GC heap before
{Heap before GC invocations=10 (full 0):
 garbage-first heap   total 211968K, used 143360K [0x00000000a1e00000, 0x0000000100000000)
  region size 1024K, 49 young (50176K), 10 survivors (10240K)
 Metaspace       used 12567K, committed 12800K, reserved 1114112K
  class space    used 1432K, committed 1536K, reserved 1048576K
}

