# JRE version: Java(TM) SE Runtime Environment (19.0.1+10) (build 19.0.1+10-21)
# Java VM: Java HotSpot(TM) 64-Bit Server VM (19.0.1+10-21, mixed mode, sharing, tiered, compressed oops, compressed class ptrs, g1 gc, windows-amd64)
GC Precious Log:
 CardTable entry size: 512
 Card Set container configuration: InlinePtr #cards 5 size 8 Array Of Cards #cards 12 size 40 Howl #buckets 4 coarsen threshold 1843 Howl Bitmap #cards 512 size 80 coarsen threshold 460 Card regions per heap region 1 cards per card region 2048
 CPUs: 4 total, 4 available
 Memory: 6017M
 Large Page Support: Disabled
 NUMA Support: Disabled
 Compressed Oops: Enabled (32-bit)
 Heap Region Size: 1M
 Heap Min Capacity: 8M
 Heap Initial Capacity: 96M
 Heap Max Capacity: 1506M
 Pre-touch: Disabled
 Parallel Workers: 4
 Concurrent Workers: 1
 Concurrent Refinement Workers: 4
 Periodic GC: Disabled
Heap:
 garbage-first heap   total 210944K, used 121344K [0x00000000a1e00000, 0x0000000100000000)
  region size 1024K, 8 young (8192K), 8 survivors (8192K)
 Metaspace       used 13043K, committed 13312K, reserved 1114112K
  class space    used 1466K, committed 1600K, reserved 1048576K
GC Heap History (20 events):
Event: 3.168 GC heap after
{Heap after GC invocations=1 (full 0):
 garbage-first heap   total 98304K, used 6468K [0x00000000a1e00000, 0x0000000100000000)
  region size 1024K, 2 young (2048K), 2 survivors (2048K)
 Metaspace       used 10945K, committed 11200K, reserved 1114112K
  class space    used 1250K, committed 1344K, reserved 1048576K
}
Event: 38.010 GC heap before
{Heap before GC invocations=1 (full 0):
 garbage-first heap   total 98304K, used 20804K [0x00000000a1e00000, 0x0000000100000000)
  region size 1024K, 16 young (16384K), 2 survivors (2048K)
 Metaspace       used 13027K, committed 13312K, reserved 1114112K
  class space    used 1466K, committed 1600K, reserved 1048576K
}
Event: 38.018 GC heap after
{Heap after GC invocations=2 (full 0):
 garbage-first heap   total 98304K, used 8997K [0x00000000a1e00000, 0x0000000100000000)
  region size 1024K, 2 young (2048K), 2 survivors (2048K)
 Metaspace       used 13027K, committed 13312K, reserved 1114112K
  class space    used 1466K, committed 1600K, reserved 1048576K
}
Event: 38.205 GC heap before
{Heap before GC invocations=2 (full 0):
 garbage-first heap   total 98304K, used 56101K [0x00000000a1e00000, 0x0000000100000000)
  region size 1024K, 48 young (49152K), 2 survivors (2048K)
 Metaspace       used 13034K, committed 13312K, reserved 1114112K
  class space    used 1466K, committed 1600K, reserved 1048576K
}
Event: 38.220 GC heap after
{Heap after GC invocations=3 (full 0):
 garbage-first heap   total 98304K, used 20480K [0x00000000a1e00000, 0x0000000100000000)
  region size 1024K, 6 young (6144K), 6 survivors (6144K)
 Metaspace       used 13034K, committed 13312K, reserved 1114112K
  class space    used 1466K, committed 1600K, reserved 1048576K
}
Event: 38.318 GC heap before
{Heap before GC invocations=3 (full 0):
 garbage-first heap   total 98304K, used 54272K [0x00000000a1e00000, 0x0000000100000000)
  region size 1024K, 39 young (39936K), 6 survivors (6144K)
 Metaspace       used 13036K, committed 13312K, reserved 1114112K
  class space    used 1466K, committed 1600K, reserved 1048576K
}
Event: 38.335 GC heap after
{Heap after GC invocations=4 (full 0):
 garbage-first heap   total 98304K, used 29552K [0x00000000a1e00000, 0x0000000100000000)
  region size 1024K, 5 young (5120K), 5 survivors (5120K)
 Metaspace       used 13036K, committed 13312K, reserved 1114112K
  class space    used 1466K, committed 1600K, reserved 1048576K
}
Event: 38.399 GC heap before
{Heap before GC invocations=4 (full 0):
 garbage-first heap   total 98304K, used 60272K [0x00000000a1e00000, 0x0000000100000000)
  region size 1024K, 35 young (35840K), 5 survivors (5120K)
 Metaspace       used 13042K, committed 13312K, reserved 1114112K
  class space    used 1466K, committed 1600K, reserved 1048576K
}
Event: 38.417 GC heap after
{Heap after GC invocations=5 (full 0):
 garbage-first heap   total 98304K, used 37888K [0x00000000a1e00000, 0x0000000100000000)
  region size 1024K, 5 young (5120K), 5 survivors (5120K)
 Metaspace       used 13042K, committed 13312K, reserved 1114112K
  class space    used 1466K, committed 1600K, reserved 1048576K
}
Event: 38.478 GC heap before
{Heap before GC invocations=5 (full 0):
 garbage-first heap   total 98304K, used 66560K [0x00000000a1e00000, 0x0000000100000000)
  region size 1024K, 33 young (33792K), 5 survivors (5120K)
 Metaspace       used 13043K, committed 13312K, reserved 1114112K
  class space    used 1466K, committed 1600K, reserved 1048576K
}
Event: 38.491 GC heap after
{Heap after GC invocations=6 (full 0):
 garbage-first heap   total 98304K, used 46080K [0x00000000a1e00000, 0x0000000100000000)
  region size 1024K, 5 young (5120K), 5 survivors (5120K)
 Metaspace       used 13043K, committed 13312K, reserved 1114112K
  class space    used 1466K, committed 1600K, reserved 1048576K
}
Event: 38.541 GC heap before
{Heap before GC invocations=6 (full 0):
 garbage-first heap   total 98304K, used 70656K [0x00000000a1e00000, 0x0000000100000000)
  region size 1024K, 29 young (29696K), 5 survivors (5120K)
 Metaspace       used 13043K, committed 13312K, reserved 1114112K
  class space    used 1466K, committed 1600K, reserved 1048576K
}
Event: 38.553 GC heap after
{Heap after GC invocations=7 (full 0):
 garbage-first heap   total 210944K, used 52593K [0x00000000a1e00000, 0x0000000100000000)
  region size 1024K, 4 young (4096K), 4 survivors (4096K)
 Metaspace       used 13043K, committed 13312K, reserved 1114112K
  class space    used 1466K, committed 1600K, reserved 1048576K
}
Event: 38.779 GC heap before
{Heap before GC invocations=7 (full 0):
 garbage-first heap   total 210944K, used 141681K [0x00000000a1e00000, 0x0000000100000000)
  region size 1024K, 90 young (92160K), 4 survivors (4096K)
 Metaspace       used 13043K, committed 13312K, reserved 1114112K
  class space    used 1466K, committed 1600K, reserved 1048576K
}
Event: 38.806 GC heap after
{Heap after GC invocations=8 (full 0):
 garbage-first heap   total 210944K, used 76135K [0x00000000a1e00000, 0x0000000100000000)
  region size 1024K, 12 young (12288K), 12 survivors (12288K)
 Metaspace       used 13043K, committed 13312K, reserved 1114112K
  class space    used 1466K, committed 1600K, reserved 1048576K
}
Event: 38.927 GC heap before
{Heap before GC invocations=8 (full 0):
 garbage-first heap   total 210944K, used 140647K [0x00000000a1e00000, 0x0000000100000000)
  region size 1024K, 75 young (76800K), 12 survivors (12288K)
 Metaspace       used 13043K, committed 13312K, reserved 1114112K
  class space    used 1466K, committed 1600K, reserved 1048576K
}
Event: 38.957 GC heap after
{Heap after GC invocations=9 (full 0):
 garbage-first heap   total 210944K, used 93184K [0x00000000a1e00000, 0x0000000100000000)
  region size 1024K, 10 young (10240K), 10 survivors (10240K)
 Metaspace       used 13043K, committed 13312K, reserved 1114112K
  class space    used 1466K, committed 1600K, reserved 1048576K
}
Event: 39.059 GC heap before
{Heap before GC invocations=9 (full 0):
 garbage-first heap   total 210944K, used 150528K [0x00000000a1e00000, 0x0000000100000000)
  region size 1024K, 66 young (67584K), 10 survivors (10240K)
 Metaspace       used 13043K, committed 13312K, reserved 1114112K
  class space    used 1466K, committed 1600K, reserved 1048576K
}
Event: 39.081 GC heap after
{Heap after GC invocations=10 (full 0):
 garbage-first heap   total 210944K, used 108032K [0x00000000a1e00000, 0x0000000100000000)
  region size 1024K, 9 young (9216K), 9 survivors (9216K)
 Metaspace       used 13043K, committed 13312K, reserved 1114112K
  class space    used 1466K, committed 1600K, reserved 1048576K
}
Event: 39.162 GC heap before
{Heap before GC invocations=10 (full 0):
 garbage-first heap   total 210944K, used 158208K [0x00000000a1e00000, 0x0000000100000000)
  region size 1024K, 58 young (59392K), 9 survivors (9216K)
 Metaspace       used 13043K, committed 13312K, reserved 1114112K
  class space    used 1466K, committed 1600K, reserved 1048576K
}

