# JRE version: Java(TM) SE Runtime Environment (19.0.1+10) (build 19.0.1+10-21)
# Java VM: Java HotSpot(TM) 64-Bit Server VM (19.0.1+10-21, mixed mode, sharing, tiered, compressed oops, compressed class ptrs, g1 gc, windows-amd64)
GC Precious Log:
 CardTable entry size: 512
 Card Set container configuration: InlinePtr #cards 5 size 8 Array Of Cards #cards 12 size 40 Howl #buckets 4 coarsen threshold 1843 Howl Bitmap #cards 512 size 80 coarsen threshold 460 Card regions per heap region 1 cards per card region 2048
 CPUs: 4 total, 4 available
 Memory: 6017M
 Large Page Support: Disabled
 NUMA Support: Disabled
 Compressed Oops: Enabled (32-bit)
 Heap Region Size: 1M
 Heap Min Capacity: 8M
 Heap Initial Capacity: 96M
 Heap Max Capacity: 1506M
 Pre-touch: Disabled
 Parallel Workers: 4
 Concurrent Workers: 1
 Concurrent Refinement Workers: 4
 Periodic GC: Disabled
Heap:
 garbage-first heap   total 396288K, used 215040K [0x00000000a1e00000, 0x0000000100000000)
  region size 1024K, 13 young (13312K), 13 survivors (13312K)
 Metaspace       used 13015K, committed 13184K, reserved 1114112K
  class space    used 1442K, committed 1536K, reserved 1048576K
GC Heap History (20 events):
Event: 11.066 GC heap after
{Heap after GC invocations=6 (full 0):
 garbage-first heap   total 98304K, used 43423K [0x00000000a1e00000, 0x0000000100000000)
  region size 1024K, 5 young (5120K), 5 survivors (5120K)
 Metaspace       used 12613K, committed 12800K, reserved 1114112K
  class space    used 1433K, committed 1536K, reserved 1048576K
}
Event: 11.129 GC heap before
{Heap before GC invocations=6 (full 0):
 garbage-first heap   total 98304K, used 70047K [0x00000000a1e00000, 0x0000000100000000)
  region size 1024K, 31 young (31744K), 5 survivors (5120K)
 Metaspace       used 12615K, committed 12800K, reserved 1114112K
  class space    used 1433K, committed 1536K, reserved 1048576K
}
Event: 11.145 GC heap after
{Heap after GC invocations=7 (full 0):
 garbage-first heap   total 196608K, used 49809K [0x00000000a1e00000, 0x0000000100000000)
  region size 1024K, 4 young (4096K), 4 survivors (4096K)
 Metaspace       used 12615K, committed 12800K, reserved 1114112K
  class space    used 1433K, committed 1536K, reserved 1048576K
}
Event: 11.415 GC heap before
{Heap before GC invocations=7 (full 0):
 garbage-first heap   total 196608K, used 135825K [0x00000000a1e00000, 0x0000000100000000)
  region size 1024K, 87 young (89088K), 4 survivors (4096K)
 Metaspace       used 12615K, committed 12800K, reserved 1114112K
  class space    used 1433K, committed 1536K, reserved 1048576K
}
Event: 11.443 GC heap after
{Heap after GC invocations=8 (full 0):
 garbage-first heap   total 196608K, used 69969K [0x00000000a1e00000, 0x0000000100000000)
  region size 1024K, 11 young (11264K), 11 survivors (11264K)
 Metaspace       used 12615K, committed 12800K, reserved 1114112K
  class space    used 1433K, committed 1536K, reserved 1048576K
}
Event: 11.593 GC heap before
{Heap before GC invocations=8 (full 0):
 garbage-first heap   total 196608K, used 135505K [0x00000000a1e00000, 0x0000000100000000)
  region size 1024K, 75 young (76800K), 11 survivors (11264K)
 Metaspace       used 12615K, committed 12800K, reserved 1114112K
  class space    used 1433K, committed 1536K, reserved 1048576K
}
Event: 11.615 GC heap after
{Heap after GC invocations=9 (full 0):
 garbage-first heap   total 196608K, used 84980K [0x00000000a1e00000, 0x0000000100000000)
  region size 1024K, 10 young (10240K), 10 survivors (10240K)
 Metaspace       used 12615K, committed 12800K, reserved 1114112K
  class space    used 1433K, committed 1536K, reserved 1048576K
}
Event: 11.745 GC heap before
{Heap before GC invocations=9 (full 0):
 garbage-first heap   total 196608K, used 143348K [0x00000000a1e00000, 0x0000000100000000)
  region size 1024K, 67 young (68608K), 10 survivors (10240K)
 Metaspace       used 12615K, committed 12800K, reserved 1114112K
  class space    used 1433K, committed 1536K, reserved 1048576K
}
Event: 11.765 GC heap after
{Heap after GC invocations=10 (full 0):
 garbage-first heap   total 196608K, used 98816K [0x00000000a1e00000, 0x0000000100000000)
  region size 1024K, 9 young (9216K), 9 survivors (9216K)
 Metaspace       used 12615K, committed 12800K, reserved 1114112K
  class space    used 1433K, committed 1536K, reserved 1048576K
}
Event: 11.879 GC heap before
{Heap before GC invocations=10 (full 0):
 garbage-first heap   total 196608K, used 148992K [0x00000000a1e00000, 0x0000000100000000)
  region size 1024K, 58 young (59392K), 9 survivors (9216K)
 Metaspace       used 12615K, committed 12800K, reserved 1114112K
  class space    used 1433K, committed 1536K, reserved 1048576K
}
Event: 11.902 GC heap after
{Heap after GC invocations=11 (full 0):
 garbage-first heap   total 396288K, used 111104K [0x00000000a1e00000, 0x0000000100000000)
  region size 1024K, 8 young (8192K), 8 survivors (8192K)
 Metaspace       used 12615K, committed 12800K, reserved 1114112K
  class space    used 1433K, committed 1536K, reserved 1048576K
}
Event: 12.801 GC heap before
{Heap before GC invocations=12 (full 0):
 garbage-first heap   total 396288K, used 268800K [0x00000000a1e00000, 0x0000000100000000)
  region size 1024K, 160 young (163840K), 8 survivors (8192K)
 Metaspace       used 12615K, committed 12800K, reserved 1114112K
  class space    used 1433K, committed 1536K, reserved 1048576K
}
Event: 12.884 GC heap after
{Heap after GC invocations=13 (full 0):
 garbage-first heap   total 396288K, used 147456K [0x00000000a1e00000, 0x0000000100000000)
  region size 1024K, 20 young (20480K), 20 survivors (20480K)
 Metaspace       used 12615K, committed 12800K, reserved 1114112K
  class space    used 1433K, committed 1536K, reserved 1048576K
}
Event: 12.887 GC heap before
{Heap before GC invocations=13 (full 0):
 garbage-first heap   total 396288K, used 148480K [0x00000000a1e00000, 0x0000000100000000)
  region size 1024K, 21 young (21504K), 20 survivors (20480K)
 Metaspace       used 12615K, committed 12800K, reserved 1114112K
  class space    used 1433K, committed 1536K, reserved 1048576K
}
Event: 12.920 GC heap after
{Heap after GC invocations=14 (full 0):
 garbage-first heap   total 396288K, used 148480K [0x00000000a1e00000, 0x0000000100000000)
  region size 1024K, 1 young (1024K), 1 survivors (1024K)
 Metaspace       used 12615K, committed 12800K, reserved 1114112K
  class space    used 1433K, committed 1536K, reserved 1048576K
}
Event: 13.138 GC heap before
{Heap before GC invocations=14 (full 0):
 garbage-first heap   total 396288K, used 274432K [0x00000000a1e00000, 0x0000000100000000)
  region size 1024K, 124 young (126976K), 1 survivors (1024K)
 Metaspace       used 12615K, committed 12800K, reserved 1114112K
  class space    used 1433K, committed 1536K, reserved 1048576K
}
Event: 13.175 GC heap after
{Heap after GC invocations=15 (full 0):
 garbage-first heap   total 396288K, used 176128K [0x00000000a1e00000, 0x0000000100000000)
  region size 1024K, 16 young (16384K), 16 survivors (16384K)
 Metaspace       used 12615K, committed 12800K, reserved 1114112K
  class space    used 1433K, committed 1536K, reserved 1048576K
}
Event: 13.338 GC heap before
{Heap before GC invocations=15 (full 0):
 garbage-first heap   total 396288K, used 289792K [0x00000000a1e00000, 0x0000000100000000)
  region size 1024K, 127 young (130048K), 16 survivors (16384K)
 Metaspace       used 12615K, committed 12800K, reserved 1114112K
  class space    used 1433K, committed 1536K, reserved 1048576K
}
Event: 13.373 GC heap after
{Heap after GC invocations=16 (full 0):
 garbage-first heap   total 396288K, used 201728K [0x00000000a1e00000, 0x0000000100000000)
  region size 1024K, 16 young (16384K), 16 survivors (16384K)
 Metaspace       used 12615K, committed 12800K, reserved 1114112K
  class space    used 1433K, committed 1536K, reserved 1048576K
}
Event: 36.846 GC heap before
{Heap before GC invocations=16 (full 0):
 garbage-first heap   total 396288K, used 302080K [0x00000000a1e00000, 0x0000000100000000)
  region size 1024K, 114 young (116736K), 16 survivors (16384K)
 Metaspace       used 13015K, committed 13184K, reserved 1114112K
  class space    used 1442K, committed 1536K, reserved 1048576K
}

