# JRE version: Java(TM) SE Runtime Environment (19.0.1+10) (build 19.0.1+10-21)
# Java VM: Java HotSpot(TM) 64-Bit Server VM (19.0.1+10-21, mixed mode, sharing, tiered, compressed oops, compressed class ptrs, g1 gc, windows-amd64)
GC Precious Log:
 CardTable entry size: 512
 Card Set container configuration: InlinePtr #cards 5 size 8 Array Of Cards #cards 12 size 40 Howl #buckets 4 coarsen threshold 1843 Howl Bitmap #cards 512 size 80 coarsen threshold 460 Card regions per heap region 1 cards per card region 2048
 CPUs: 4 total, 4 available
 Memory: 6017M
 Large Page Support: Disabled
 NUMA Support: Disabled
 Compressed Oops: Enabled (32-bit)
 Heap Region Size: 1M
 Heap Min Capacity: 8M
 Heap Initial Capacity: 96M
 Heap Max Capacity: 1506M
 Pre-touch: Disabled
 Parallel Workers: 4
 Concurrent Workers: 1
 Concurrent Refinement Workers: 4
 Periodic GC: Disabled
Heap:
 garbage-first heap   total 417792K, used 217088K [0x00000000a1e00000, 0x0000000100000000)
  region size 1024K, 5 young (5120K), 5 survivors (5120K)
 Metaspace       used 12788K, committed 13056K, reserved 1114112K
  class space    used 1439K, committed 1536K, reserved 1048576K
GC Heap History (20 events):
Event: 15.427 GC heap after
{Heap after GC invocations=5 (full 0):
 garbage-first heap   total 98304K, used 34816K [0x00000000a1e00000, 0x0000000100000000)
  region size 1024K, 5 young (5120K), 5 survivors (5120K)
 Metaspace       used 12705K, committed 12992K, reserved 1114112K
  class space    used 1433K, committed 1536K, reserved 1048576K
}
Event: 15.506 GC heap before
{Heap before GC invocations=5 (full 0):
 garbage-first heap   total 98304K, used 66560K [0x00000000a1e00000, 0x0000000100000000)
  region size 1024K, 36 young (36864K), 5 survivors (5120K)
 Metaspace       used 12707K, committed 12992K, reserved 1114112K
  class space    used 1433K, committed 1536K, reserved 1048576K
}
Event: 15.525 GC heap after
{Heap after GC invocations=6 (full 0):
 garbage-first heap   total 98304K, used 42788K [0x00000000a1e00000, 0x0000000100000000)
  region size 1024K, 5 young (5120K), 5 survivors (5120K)
 Metaspace       used 12707K, committed 12992K, reserved 1114112K
  class space    used 1433K, committed 1536K, reserved 1048576K
}
Event: 15.602 GC heap before
{Heap before GC invocations=6 (full 0):
 garbage-first heap   total 98304K, used 70436K [0x00000000a1e00000, 0x0000000100000000)
  region size 1024K, 32 young (32768K), 5 survivors (5120K)
 Metaspace       used 12709K, committed 12992K, reserved 1114112K
  class space    used 1433K, committed 1536K, reserved 1048576K
}
Event: 15.616 GC heap after
{Heap after GC invocations=7 (full 0):
 garbage-first heap   total 207872K, used 49152K [0x00000000a1e00000, 0x0000000100000000)
  region size 1024K, 4 young (4096K), 4 survivors (4096K)
 Metaspace       used 12709K, committed 12992K, reserved 1114112K
  class space    used 1433K, committed 1536K, reserved 1048576K
}
Event: 15.868 GC heap before
{Heap before GC invocations=7 (full 0):
 garbage-first heap   total 207872K, used 142336K [0x00000000a1e00000, 0x0000000100000000)
  region size 1024K, 94 young (96256K), 4 survivors (4096K)
 Metaspace       used 12709K, committed 12992K, reserved 1114112K
  class space    used 1433K, committed 1536K, reserved 1048576K
}
Event: 15.892 GC heap after
{Heap after GC invocations=8 (full 0):
 garbage-first heap   total 207872K, used 70656K [0x00000000a1e00000, 0x0000000100000000)
  region size 1024K, 12 young (12288K), 12 survivors (12288K)
 Metaspace       used 12709K, committed 12992K, reserved 1114112K
  class space    used 1433K, committed 1536K, reserved 1048576K
}
Event: 16.029 GC heap before
{Heap before GC invocations=8 (full 0):
 garbage-first heap   total 207872K, used 139264K [0x00000000a1e00000, 0x0000000100000000)
  region size 1024K, 79 young (80896K), 12 survivors (12288K)
 Metaspace       used 12709K, committed 12992K, reserved 1114112K
  class space    used 1433K, committed 1536K, reserved 1048576K
}
Event: 16.054 GC heap after
{Heap after GC invocations=9 (full 0):
 garbage-first heap   total 207872K, used 86528K [0x00000000a1e00000, 0x0000000100000000)
  region size 1024K, 10 young (10240K), 10 survivors (10240K)
 Metaspace       used 12709K, committed 12992K, reserved 1114112K
  class space    used 1433K, committed 1536K, reserved 1048576K
}
Event: 16.172 GC heap before
{Heap before GC invocations=9 (full 0):
 garbage-first heap   total 207872K, used 147968K [0x00000000a1e00000, 0x0000000100000000)
  region size 1024K, 70 young (71680K), 10 survivors (10240K)
 Metaspace       used 12709K, committed 12992K, reserved 1114112K
  class space    used 1433K, committed 1536K, reserved 1048576K
}
Event: 16.194 GC heap after
{Heap after GC invocations=10 (full 0):
 garbage-first heap   total 207872K, used 100864K [0x00000000a1e00000, 0x0000000100000000)
  region size 1024K, 9 young (9216K), 9 survivors (9216K)
 Metaspace       used 12709K, committed 12992K, reserved 1114112K
  class space    used 1433K, committed 1536K, reserved 1048576K
}
Event: 16.289 GC heap before
{Heap before GC invocations=10 (full 0):
 garbage-first heap   total 207872K, used 157184K [0x00000000a1e00000, 0x0000000100000000)
  region size 1024K, 62 young (63488K), 9 survivors (9216K)
 Metaspace       used 12709K, committed 12992K, reserved 1114112K
  class space    used 1433K, committed 1536K, reserved 1048576K
}
Event: 16.319 GC heap after
{Heap after GC invocations=11 (full 0):
 garbage-first heap   total 417792K, used 115712K [0x00000000a1e00000, 0x0000000100000000)
  region size 1024K, 8 young (8192K), 8 survivors (8192K)
 Metaspace       used 12709K, committed 12992K, reserved 1114112K
  class space    used 1433K, committed 1536K, reserved 1048576K
}
Event: 16.817 GC heap before
{Heap before GC invocations=11 (full 0):
 garbage-first heap   total 417792K, used 282624K [0x00000000a1e00000, 0x0000000100000000)
  region size 1024K, 171 young (175104K), 8 survivors (8192K)
 Metaspace       used 12709K, committed 12992K, reserved 1114112K
  class space    used 1433K, committed 1536K, reserved 1048576K
}
Event: 16.886 GC heap after
{Heap after GC invocations=12 (full 0):
 garbage-first heap   total 417792K, used 153088K [0x00000000a1e00000, 0x0000000100000000)
  region size 1024K, 22 young (22528K), 22 survivors (22528K)
 Metaspace       used 12709K, committed 12992K, reserved 1114112K
  class space    used 1433K, committed 1536K, reserved 1048576K
}
Event: 17.155 GC heap before
{Heap before GC invocations=12 (full 0):
 garbage-first heap   total 417792K, used 288256K [0x00000000a1e00000, 0x0000000100000000)
  region size 1024K, 154 young (157696K), 22 survivors (22528K)
 Metaspace       used 12709K, committed 12992K, reserved 1114112K
  class space    used 1433K, committed 1536K, reserved 1048576K
}
Event: 17.206 GC heap after
{Heap after GC invocations=13 (full 0):
 garbage-first heap   total 417792K, used 183808K [0x00000000a1e00000, 0x0000000100000000)
  region size 1024K, 20 young (20480K), 20 survivors (20480K)
 Metaspace       used 12709K, committed 12992K, reserved 1114112K
  class space    used 1433K, committed 1536K, reserved 1048576K
}
Event: 17.444 GC heap before
{Heap before GC invocations=13 (full 0):
 garbage-first heap   total 417792K, used 304640K [0x00000000a1e00000, 0x0000000100000000)
  region size 1024K, 138 young (141312K), 20 survivors (20480K)
 Metaspace       used 12709K, committed 12992K, reserved 1114112K
  class space    used 1433K, committed 1536K, reserved 1048576K
}
Event: 17.486 GC heap after
{Heap after GC invocations=14 (full 0):
 garbage-first heap   total 417792K, used 211456K [0x00000000a1e00000, 0x0000000100000000)
  region size 1024K, 18 young (18432K), 18 survivors (18432K)
 Metaspace       used 12709K, committed 12992K, reserved 1114112K
  class space    used 1433K, committed 1536K, reserved 1048576K
}
Event: 21.996 GC heap before
{Heap before GC invocations=14 (full 0):
 garbage-first heap   total 417792K, used 229888K [0x00000000a1e00000, 0x0000000100000000)
  region size 1024K, 37 young (37888K), 18 survivors (18432K)
 Metaspace       used 12788K, committed 13056K, reserved 1114112K
  class space    used 1439K, committed 1536K, reserved 1048576K
}

