# JRE version: Java(TM) SE Runtime Environment (19.0.1+10) (build 19.0.1+10-21)
# Java VM: Java HotSpot(TM) 64-Bit Server VM (19.0.1+10-21, mixed mode, sharing, tiered, compressed oops, compressed class ptrs, g1 gc, windows-amd64)
GC Precious Log:
 CardTable entry size: 512
 Card Set container configuration: InlinePtr #cards 5 size 8 Array Of Cards #cards 12 size 40 Howl #buckets 4 coarsen threshold 1843 Howl Bitmap #cards 512 size 80 coarsen threshold 460 Card regions per heap region 1 cards per card region 2048
 CPUs: 4 total, 4 available
 Memory: 6017M
 Large Page Support: Disabled
 NUMA Support: Disabled
 Compressed Oops: Enabled (32-bit)
 Heap Region Size: 1M
 Heap Min Capacity: 8M
 Heap Initial Capacity: 96M
 Heap Max Capacity: 1506M
 Pre-touch: Disabled
 Parallel Workers: 4
 Concurrent Workers: 1
 Concurrent Refinement Workers: 4
 Periodic GC: Disabled
Heap:
 garbage-first heap   total 393216K, used 214016K [0x00000000a1e00000, 0x0000000100000000)
  region size 1024K, 13 young (13312K), 13 survivors (13312K)
 Metaspace       used 12761K, committed 12992K, reserved 1114112K
  class space    used 1439K, committed 1536K, reserved 1048576K
GC Heap History (20 events):
Event: 9.466 GC heap after
{Heap after GC invocations=6 (full 0):
 garbage-first heap   total 98304K, used 43008K [0x00000000a1e00000, 0x0000000100000000)
  region size 1024K, 5 young (5120K), 5 survivors (5120K)
 Metaspace       used 12619K, committed 12800K, reserved 1114112K
  class space    used 1432K, committed 1536K, reserved 1048576K
}
Event: 9.536 GC heap before
{Heap before GC invocations=6 (full 0):
 garbage-first heap   total 98304K, used 70656K [0x00000000a1e00000, 0x0000000100000000)
  region size 1024K, 32 young (32768K), 5 survivors (5120K)
 Metaspace       used 12621K, committed 12800K, reserved 1114112K
  class space    used 1432K, committed 1536K, reserved 1048576K
}
Event: 9.547 GC heap after
{Heap after GC invocations=7 (full 0):
 garbage-first heap   total 196608K, used 49503K [0x00000000a1e00000, 0x0000000100000000)
  region size 1024K, 4 young (4096K), 4 survivors (4096K)
 Metaspace       used 12621K, committed 12800K, reserved 1114112K
  class space    used 1432K, committed 1536K, reserved 1048576K
}
Event: 9.824 GC heap before
{Heap before GC invocations=7 (full 0):
 garbage-first heap   total 196608K, used 135519K [0x00000000a1e00000, 0x0000000100000000)
  region size 1024K, 87 young (89088K), 4 survivors (4096K)
 Metaspace       used 12644K, committed 12864K, reserved 1114112K
  class space    used 1432K, committed 1536K, reserved 1048576K
}
Event: 9.849 GC heap after
{Heap after GC invocations=8 (full 0):
 garbage-first heap   total 196608K, used 69632K [0x00000000a1e00000, 0x0000000100000000)
  region size 1024K, 11 young (11264K), 11 survivors (11264K)
 Metaspace       used 12644K, committed 12864K, reserved 1114112K
  class space    used 1432K, committed 1536K, reserved 1048576K
}
Event: 10.024 GC heap before
{Heap before GC invocations=8 (full 0):
 garbage-first heap   total 196608K, used 135168K [0x00000000a1e00000, 0x0000000100000000)
  region size 1024K, 75 young (76800K), 11 survivors (11264K)
 Metaspace       used 12650K, committed 12864K, reserved 1114112K
  class space    used 1432K, committed 1536K, reserved 1048576K
}
Event: 10.057 GC heap after
{Heap after GC invocations=9 (full 0):
 garbage-first heap   total 196608K, used 84476K [0x00000000a1e00000, 0x0000000100000000)
  region size 1024K, 10 young (10240K), 10 survivors (10240K)
 Metaspace       used 12650K, committed 12864K, reserved 1114112K
  class space    used 1432K, committed 1536K, reserved 1048576K
}
Event: 10.195 GC heap before
{Heap before GC invocations=9 (full 0):
 garbage-first heap   total 196608K, used 142844K [0x00000000a1e00000, 0x0000000100000000)
  region size 1024K, 67 young (68608K), 10 survivors (10240K)
 Metaspace       used 12650K, committed 12864K, reserved 1114112K
  class space    used 1432K, committed 1536K, reserved 1048576K
}
Event: 10.218 GC heap after
{Heap after GC invocations=10 (full 0):
 garbage-first heap   total 196608K, used 97792K [0x00000000a1e00000, 0x0000000100000000)
  region size 1024K, 9 young (9216K), 9 survivors (9216K)
 Metaspace       used 12650K, committed 12864K, reserved 1114112K
  class space    used 1432K, committed 1536K, reserved 1048576K
}
Event: 10.340 GC heap before
{Heap before GC invocations=10 (full 0):
 garbage-first heap   total 196608K, used 148992K [0x00000000a1e00000, 0x0000000100000000)
  region size 1024K, 59 young (60416K), 9 survivors (9216K)
 Metaspace       used 12650K, committed 12864K, reserved 1114112K
  class space    used 1432K, committed 1536K, reserved 1048576K
}
Event: 10.362 GC heap after
{Heap after GC invocations=11 (full 0):
 garbage-first heap   total 393216K, used 109568K [0x00000000a1e00000, 0x0000000100000000)
  region size 1024K, 8 young (8192K), 8 survivors (8192K)
 Metaspace       used 12650K, committed 12864K, reserved 1114112K
  class space    used 1432K, committed 1536K, reserved 1048576K
}
Event: 11.222 GC heap before
{Heap before GC invocations=12 (full 0):
 garbage-first heap   total 393216K, used 269312K [0x00000000a1e00000, 0x0000000100000000)
  region size 1024K, 162 young (165888K), 8 survivors (8192K)
 Metaspace       used 12650K, committed 12864K, reserved 1114112K
  class space    used 1432K, committed 1536K, reserved 1048576K
}
Event: 11.296 GC heap after
{Heap after GC invocations=13 (full 0):
 garbage-first heap   total 393216K, used 146944K [0x00000000a1e00000, 0x0000000100000000)
  region size 1024K, 21 young (21504K), 21 survivors (21504K)
 Metaspace       used 12650K, committed 12864K, reserved 1114112K
  class space    used 1432K, committed 1536K, reserved 1048576K
}
Event: 11.302 GC heap before
{Heap before GC invocations=13 (full 0):
 garbage-first heap   total 393216K, used 147968K [0x00000000a1e00000, 0x0000000100000000)
  region size 1024K, 22 young (22528K), 21 survivors (21504K)
 Metaspace       used 12650K, committed 12864K, reserved 1114112K
  class space    used 1432K, committed 1536K, reserved 1048576K
}
Event: 11.331 GC heap after
{Heap after GC invocations=14 (full 0):
 garbage-first heap   total 393216K, used 148480K [0x00000000a1e00000, 0x0000000100000000)
  region size 1024K, 2 young (2048K), 2 survivors (2048K)
 Metaspace       used 12650K, committed 12864K, reserved 1114112K
  class space    used 1432K, committed 1536K, reserved 1048576K
}
Event: 11.545 GC heap before
{Heap before GC invocations=14 (full 0):
 garbage-first heap   total 393216K, used 272384K [0x00000000a1e00000, 0x0000000100000000)
  region size 1024K, 123 young (125952K), 2 survivors (2048K)
 Metaspace       used 12650K, committed 12864K, reserved 1114112K
  class space    used 1432K, committed 1536K, reserved 1048576K
}
Event: 11.581 GC heap after
{Heap after GC invocations=15 (full 0):
 garbage-first heap   total 393216K, used 175104K [0x00000000a1e00000, 0x0000000100000000)
  region size 1024K, 16 young (16384K), 16 survivors (16384K)
 Metaspace       used 12650K, committed 12864K, reserved 1114112K
  class space    used 1432K, committed 1536K, reserved 1048576K
}
Event: 11.771 GC heap before
{Heap before GC invocations=15 (full 0):
 garbage-first heap   total 393216K, used 287744K [0x00000000a1e00000, 0x0000000100000000)
  region size 1024K, 126 young (129024K), 16 survivors (16384K)
 Metaspace       used 12665K, committed 12864K, reserved 1114112K
  class space    used 1433K, committed 1536K, reserved 1048576K
}
Event: 11.822 GC heap after
{Heap after GC invocations=16 (full 0):
 garbage-first heap   total 393216K, used 200192K [0x00000000a1e00000, 0x0000000100000000)
  region size 1024K, 16 young (16384K), 16 survivors (16384K)
 Metaspace       used 12665K, committed 12864K, reserved 1114112K
  class space    used 1433K, committed 1536K, reserved 1048576K
}
Event: 17.845 GC heap before
{Heap before GC invocations=16 (full 0):
 garbage-first heap   total 393216K, used 255488K [0x00000000a1e00000, 0x0000000100000000)
  region size 1024K, 71 young (72704K), 16 survivors (16384K)
 Metaspace       used 12761K, committed 12992K, reserved 1114112K
  class space    used 1439K, committed 1536K, reserved 1048576K
}

